ARM GAS  /var/folders/br/2wtqgb695v5djmfg7vx_4m7h0000gn/T//ccsMInWC.s 			page 1


   1              		.syntax unified
   2              		.cpu cortex-m3
   3              		.fpu softvfp
   4              		.eabi_attribute 20, 1
   5              		.eabi_attribute 21, 1
   6              		.eabi_attribute 23, 3
   7              		.eabi_attribute 24, 1
   8              		.eabi_attribute 25, 1
   9              		.eabi_attribute 26, 1
  10              		.eabi_attribute 30, 1
  11              		.eabi_attribute 34, 1
  12              		.eabi_attribute 18, 4
  13              		.thumb
  14              		.syntax unified
  15              		.file	"usart.c"
  16              		.text
  17              	.Ltext0:
  18              		.cfi_sections	.debug_frame
  19              		.section	.text.MX_USART1_UART_Init,"ax",%progbits
  20              		.align	2
  21              		.global	MX_USART1_UART_Init
  22              		.thumb
  23              		.thumb_func
  25              	MX_USART1_UART_Init:
  26              	.LFB64:
  27              		.file 1 "Src/usart.c"
   1:Src/usart.c   **** /**
   2:Src/usart.c   ****   ******************************************************************************
   3:Src/usart.c   ****   * File Name          : USART.c
   4:Src/usart.c   ****   * Description        : This file provides code for the configuration
   5:Src/usart.c   ****   *                      of the USART instances.
   6:Src/usart.c   ****   ******************************************************************************
   7:Src/usart.c   ****   * @attention
   8:Src/usart.c   ****   *
   9:Src/usart.c   ****   * <h2><center>&copy; Copyright (c) 2019 STMicroelectronics.
  10:Src/usart.c   ****   * All rights reserved.</center></h2>
  11:Src/usart.c   ****   *
  12:Src/usart.c   ****   * This software component is licensed by ST under BSD 3-Clause license,
  13:Src/usart.c   ****   * the "License"; You may not use this file except in compliance with the
  14:Src/usart.c   ****   * License. You may obtain a copy of the License at:
  15:Src/usart.c   ****   *                        opensource.org/licenses/BSD-3-Clause
  16:Src/usart.c   ****   *
  17:Src/usart.c   ****   ******************************************************************************
  18:Src/usart.c   ****   */
  19:Src/usart.c   **** 
  20:Src/usart.c   **** /* Includes ------------------------------------------------------------------*/
  21:Src/usart.c   **** #include "usart.h"
  22:Src/usart.c   **** 
  23:Src/usart.c   **** /* USER CODE BEGIN 0 */
  24:Src/usart.c   **** 
  25:Src/usart.c   **** /* USER CODE END 0 */
  26:Src/usart.c   **** 
  27:Src/usart.c   **** UART_HandleTypeDef huart1;
  28:Src/usart.c   **** 
  29:Src/usart.c   **** /* USART1 init function */
  30:Src/usart.c   **** 
  31:Src/usart.c   **** void MX_USART1_UART_Init(void)
ARM GAS  /var/folders/br/2wtqgb695v5djmfg7vx_4m7h0000gn/T//ccsMInWC.s 			page 2


  32:Src/usart.c   **** {
  28              		.loc 1 32 0
  29              		.cfi_startproc
  30              		@ args = 0, pretend = 0, frame = 0
  31              		@ frame_needed = 0, uses_anonymous_args = 0
  32 0000 08B5     		push	{r3, lr}
  33              	.LCFI0:
  34              		.cfi_def_cfa_offset 8
  35              		.cfi_offset 3, -8
  36              		.cfi_offset 14, -4
  33:Src/usart.c   **** 
  34:Src/usart.c   ****   huart1.Instance = USART1;
  37              		.loc 1 34 0
  38 0002 0A48     		ldr	r0, .L4
  39 0004 0A4B     		ldr	r3, .L4+4
  40 0006 0360     		str	r3, [r0]
  35:Src/usart.c   ****   huart1.Init.BaudRate = 115200;
  41              		.loc 1 35 0
  42 0008 4FF4E133 		mov	r3, #115200
  43 000c 4360     		str	r3, [r0, #4]
  36:Src/usart.c   ****   huart1.Init.WordLength = UART_WORDLENGTH_8B;
  44              		.loc 1 36 0
  45 000e 0023     		movs	r3, #0
  46 0010 8360     		str	r3, [r0, #8]
  37:Src/usart.c   ****   huart1.Init.StopBits = UART_STOPBITS_1;
  47              		.loc 1 37 0
  48 0012 C360     		str	r3, [r0, #12]
  38:Src/usart.c   ****   huart1.Init.Parity = UART_PARITY_NONE;
  49              		.loc 1 38 0
  50 0014 0361     		str	r3, [r0, #16]
  39:Src/usart.c   ****   huart1.Init.Mode = UART_MODE_TX_RX;
  51              		.loc 1 39 0
  52 0016 0C22     		movs	r2, #12
  53 0018 4261     		str	r2, [r0, #20]
  40:Src/usart.c   ****   huart1.Init.HwFlowCtl = UART_HWCONTROL_NONE;
  54              		.loc 1 40 0
  55 001a 8361     		str	r3, [r0, #24]
  41:Src/usart.c   ****   huart1.Init.OverSampling = UART_OVERSAMPLING_16;
  56              		.loc 1 41 0
  57 001c C361     		str	r3, [r0, #28]
  42:Src/usart.c   ****   if (HAL_UART_Init(&huart1) != HAL_OK)
  58              		.loc 1 42 0
  59 001e FFF7FEFF 		bl	HAL_UART_Init
  60              	.LVL0:
  61 0022 08B1     		cbz	r0, .L1
  43:Src/usart.c   ****   {
  44:Src/usart.c   ****     Error_Handler();
  62              		.loc 1 44 0
  63 0024 FFF7FEFF 		bl	Error_Handler
  64              	.LVL1:
  65              	.L1:
  66 0028 08BD     		pop	{r3, pc}
  67              	.L5:
  68 002a 00BF     		.align	2
  69              	.L4:
  70 002c 00000000 		.word	huart1
  71 0030 00380140 		.word	1073821696
ARM GAS  /var/folders/br/2wtqgb695v5djmfg7vx_4m7h0000gn/T//ccsMInWC.s 			page 3


  72              		.cfi_endproc
  73              	.LFE64:
  75              		.section	.text.HAL_UART_MspInit,"ax",%progbits
  76              		.align	2
  77              		.global	HAL_UART_MspInit
  78              		.thumb
  79              		.thumb_func
  81              	HAL_UART_MspInit:
  82              	.LFB65:
  45:Src/usart.c   ****   }
  46:Src/usart.c   **** 
  47:Src/usart.c   **** }
  48:Src/usart.c   **** 
  49:Src/usart.c   **** void HAL_UART_MspInit(UART_HandleTypeDef* uartHandle)
  50:Src/usart.c   **** {
  83              		.loc 1 50 0
  84              		.cfi_startproc
  85              		@ args = 0, pretend = 0, frame = 24
  86              		@ frame_needed = 0, uses_anonymous_args = 0
  87              	.LVL2:
  88 0000 30B5     		push	{r4, r5, lr}
  89              	.LCFI1:
  90              		.cfi_def_cfa_offset 12
  91              		.cfi_offset 4, -12
  92              		.cfi_offset 5, -8
  93              		.cfi_offset 14, -4
  94 0002 87B0     		sub	sp, sp, #28
  95              	.LCFI2:
  96              		.cfi_def_cfa_offset 40
  51:Src/usart.c   **** 
  52:Src/usart.c   ****   GPIO_InitTypeDef GPIO_InitStruct = {0};
  97              		.loc 1 52 0
  98 0004 0023     		movs	r3, #0
  99 0006 0293     		str	r3, [sp, #8]
 100 0008 0393     		str	r3, [sp, #12]
 101 000a 0493     		str	r3, [sp, #16]
 102 000c 0593     		str	r3, [sp, #20]
  53:Src/usart.c   ****   if(uartHandle->Instance==USART1)
 103              		.loc 1 53 0
 104 000e 0268     		ldr	r2, [r0]
 105 0010 1B4B     		ldr	r3, .L9
 106 0012 9A42     		cmp	r2, r3
 107 0014 31D1     		bne	.L6
 108              	.LBB2:
  54:Src/usart.c   ****   {
  55:Src/usart.c   ****   /* USER CODE BEGIN USART1_MspInit 0 */
  56:Src/usart.c   **** 
  57:Src/usart.c   ****   /* USER CODE END USART1_MspInit 0 */
  58:Src/usart.c   ****     /* USART1 clock enable */
  59:Src/usart.c   ****     __HAL_RCC_USART1_CLK_ENABLE();
 109              		.loc 1 59 0
 110 0016 03F55843 		add	r3, r3, #55296
 111 001a 9A69     		ldr	r2, [r3, #24]
 112 001c 42F48042 		orr	r2, r2, #16384
 113 0020 9A61     		str	r2, [r3, #24]
 114 0022 9A69     		ldr	r2, [r3, #24]
 115 0024 02F48042 		and	r2, r2, #16384
ARM GAS  /var/folders/br/2wtqgb695v5djmfg7vx_4m7h0000gn/T//ccsMInWC.s 			page 4


 116 0028 0092     		str	r2, [sp]
 117 002a 009A     		ldr	r2, [sp]
 118              	.LBE2:
 119              	.LBB3:
  60:Src/usart.c   ****   
  61:Src/usart.c   ****     __HAL_RCC_GPIOA_CLK_ENABLE();
 120              		.loc 1 61 0
 121 002c 9A69     		ldr	r2, [r3, #24]
 122 002e 42F00402 		orr	r2, r2, #4
 123 0032 9A61     		str	r2, [r3, #24]
 124 0034 9B69     		ldr	r3, [r3, #24]
 125 0036 03F00403 		and	r3, r3, #4
 126 003a 0193     		str	r3, [sp, #4]
 127 003c 019B     		ldr	r3, [sp, #4]
 128              	.LBE3:
  62:Src/usart.c   ****     /**USART1 GPIO Configuration    
  63:Src/usart.c   ****     PA9     ------> USART1_TX
  64:Src/usart.c   ****     PA10     ------> USART1_RX 
  65:Src/usart.c   ****     */
  66:Src/usart.c   ****     GPIO_InitStruct.Pin = TransferCmd_Pin;
 129              		.loc 1 66 0
 130 003e 4FF40073 		mov	r3, #512
 131 0042 0293     		str	r3, [sp, #8]
  67:Src/usart.c   ****     GPIO_InitStruct.Mode = GPIO_MODE_AF_PP;
 132              		.loc 1 67 0
 133 0044 0223     		movs	r3, #2
 134 0046 0393     		str	r3, [sp, #12]
  68:Src/usart.c   ****     GPIO_InitStruct.Speed = GPIO_SPEED_FREQ_HIGH;
 135              		.loc 1 68 0
 136 0048 0323     		movs	r3, #3
 137 004a 0593     		str	r3, [sp, #20]
  69:Src/usart.c   ****     HAL_GPIO_Init(TransferCmd_GPIO_Port, &GPIO_InitStruct);
 138              		.loc 1 69 0
 139 004c 0D4D     		ldr	r5, .L9+4
 140 004e 02A9     		add	r1, sp, #8
 141 0050 2846     		mov	r0, r5
 142              	.LVL3:
 143 0052 FFF7FEFF 		bl	HAL_GPIO_Init
 144              	.LVL4:
  70:Src/usart.c   **** 
  71:Src/usart.c   ****     GPIO_InitStruct.Pin = ReceiveCmd_Pin;
 145              		.loc 1 71 0
 146 0056 4FF48063 		mov	r3, #1024
 147 005a 0293     		str	r3, [sp, #8]
  72:Src/usart.c   ****     GPIO_InitStruct.Mode = GPIO_MODE_INPUT;
 148              		.loc 1 72 0
 149 005c 0024     		movs	r4, #0
 150 005e 0394     		str	r4, [sp, #12]
  73:Src/usart.c   ****     GPIO_InitStruct.Pull = GPIO_NOPULL;
 151              		.loc 1 73 0
 152 0060 0494     		str	r4, [sp, #16]
  74:Src/usart.c   ****     HAL_GPIO_Init(ReceiveCmd_GPIO_Port, &GPIO_InitStruct);
 153              		.loc 1 74 0
 154 0062 02A9     		add	r1, sp, #8
 155 0064 2846     		mov	r0, r5
 156 0066 FFF7FEFF 		bl	HAL_GPIO_Init
 157              	.LVL5:
ARM GAS  /var/folders/br/2wtqgb695v5djmfg7vx_4m7h0000gn/T//ccsMInWC.s 			page 5


  75:Src/usart.c   **** 
  76:Src/usart.c   ****     /* USART1 interrupt Init */
  77:Src/usart.c   ****     HAL_NVIC_SetPriority(USART1_IRQn, 0, 0);
 158              		.loc 1 77 0
 159 006a 2246     		mov	r2, r4
 160 006c 2146     		mov	r1, r4
 161 006e 2520     		movs	r0, #37
 162 0070 FFF7FEFF 		bl	HAL_NVIC_SetPriority
 163              	.LVL6:
  78:Src/usart.c   ****     HAL_NVIC_EnableIRQ(USART1_IRQn);
 164              		.loc 1 78 0
 165 0074 2520     		movs	r0, #37
 166 0076 FFF7FEFF 		bl	HAL_NVIC_EnableIRQ
 167              	.LVL7:
 168              	.L6:
  79:Src/usart.c   ****   /* USER CODE BEGIN USART1_MspInit 1 */
  80:Src/usart.c   **** 
  81:Src/usart.c   ****   /* USER CODE END USART1_MspInit 1 */
  82:Src/usart.c   ****   }
  83:Src/usart.c   **** }
 169              		.loc 1 83 0
 170 007a 07B0     		add	sp, sp, #28
 171              	.LCFI3:
 172              		.cfi_def_cfa_offset 12
 173              		@ sp needed
 174 007c 30BD     		pop	{r4, r5, pc}
 175              	.L10:
 176 007e 00BF     		.align	2
 177              	.L9:
 178 0080 00380140 		.word	1073821696
 179 0084 00080140 		.word	1073809408
 180              		.cfi_endproc
 181              	.LFE65:
 183              		.section	.text.HAL_UART_MspDeInit,"ax",%progbits
 184              		.align	2
 185              		.global	HAL_UART_MspDeInit
 186              		.thumb
 187              		.thumb_func
 189              	HAL_UART_MspDeInit:
 190              	.LFB66:
  84:Src/usart.c   **** 
  85:Src/usart.c   **** void HAL_UART_MspDeInit(UART_HandleTypeDef* uartHandle)
  86:Src/usart.c   **** {
 191              		.loc 1 86 0
 192              		.cfi_startproc
 193              		@ args = 0, pretend = 0, frame = 0
 194              		@ frame_needed = 0, uses_anonymous_args = 0
 195              	.LVL8:
 196 0000 08B5     		push	{r3, lr}
 197              	.LCFI4:
 198              		.cfi_def_cfa_offset 8
 199              		.cfi_offset 3, -8
 200              		.cfi_offset 14, -4
  87:Src/usart.c   **** 
  88:Src/usart.c   ****   if(uartHandle->Instance==USART1)
 201              		.loc 1 88 0
 202 0002 0268     		ldr	r2, [r0]
ARM GAS  /var/folders/br/2wtqgb695v5djmfg7vx_4m7h0000gn/T//ccsMInWC.s 			page 6


 203 0004 084B     		ldr	r3, .L14
 204 0006 9A42     		cmp	r2, r3
 205 0008 0CD1     		bne	.L11
  89:Src/usart.c   ****   {
  90:Src/usart.c   ****   /* USER CODE BEGIN USART1_MspDeInit 0 */
  91:Src/usart.c   **** 
  92:Src/usart.c   ****   /* USER CODE END USART1_MspDeInit 0 */
  93:Src/usart.c   ****     /* Peripheral clock disable */
  94:Src/usart.c   ****     __HAL_RCC_USART1_CLK_DISABLE();
 206              		.loc 1 94 0
 207 000a 084A     		ldr	r2, .L14+4
 208 000c 9369     		ldr	r3, [r2, #24]
 209 000e 23F48043 		bic	r3, r3, #16384
 210 0012 9361     		str	r3, [r2, #24]
  95:Src/usart.c   ****   
  96:Src/usart.c   ****     /**USART1 GPIO Configuration    
  97:Src/usart.c   ****     PA9     ------> USART1_TX
  98:Src/usart.c   ****     PA10     ------> USART1_RX 
  99:Src/usart.c   ****     */
 100:Src/usart.c   ****     HAL_GPIO_DeInit(GPIOA, TransferCmd_Pin|ReceiveCmd_Pin);
 211              		.loc 1 100 0
 212 0014 4FF4C061 		mov	r1, #1536
 213 0018 0548     		ldr	r0, .L14+8
 214              	.LVL9:
 215 001a FFF7FEFF 		bl	HAL_GPIO_DeInit
 216              	.LVL10:
 101:Src/usart.c   **** 
 102:Src/usart.c   ****     /* USART1 interrupt Deinit */
 103:Src/usart.c   ****     HAL_NVIC_DisableIRQ(USART1_IRQn);
 217              		.loc 1 103 0
 218 001e 2520     		movs	r0, #37
 219 0020 FFF7FEFF 		bl	HAL_NVIC_DisableIRQ
 220              	.LVL11:
 221              	.L11:
 222 0024 08BD     		pop	{r3, pc}
 223              	.L15:
 224 0026 00BF     		.align	2
 225              	.L14:
 226 0028 00380140 		.word	1073821696
 227 002c 00100240 		.word	1073876992
 228 0030 00080140 		.word	1073809408
 229              		.cfi_endproc
 230              	.LFE66:
 232              		.comm	huart1,64,4
 233              		.text
 234              	.Letext0:
 235              		.file 2 "/Users/apple/gcc-arm-none-eabi/arm-none-eabi/include/machine/_default_types.h"
 236              		.file 3 "/Users/apple/gcc-arm-none-eabi/arm-none-eabi/include/sys/_stdint.h"
 237              		.file 4 "Drivers/CMSIS/Device/ST/STM32F1xx/Include/stm32f103xb.h"
 238              		.file 5 "Drivers/STM32F1xx_HAL_Driver/Inc/stm32f1xx_hal_def.h"
 239              		.file 6 "Drivers/STM32F1xx_HAL_Driver/Inc/stm32f1xx_hal_gpio.h"
 240              		.file 7 "Drivers/STM32F1xx_HAL_Driver/Inc/stm32f1xx_hal_dma.h"
 241              		.file 8 "Drivers/STM32F1xx_HAL_Driver/Inc/stm32f1xx_hal_uart.h"
 242              		.file 9 "Drivers/CMSIS/Include/core_cm3.h"
 243              		.file 10 "Inc/main.h"
 244              		.file 11 "Drivers/STM32F1xx_HAL_Driver/Inc/stm32f1xx_hal_cortex.h"
ARM GAS  /var/folders/br/2wtqgb695v5djmfg7vx_4m7h0000gn/T//ccsMInWC.s 			page 7


DEFINED SYMBOLS
                            *ABS*:0000000000000000 usart.c
/var/folders/br/2wtqgb695v5djmfg7vx_4m7h0000gn/T//ccsMInWC.s:20     .text.MX_USART1_UART_Init:0000000000000000 $t
/var/folders/br/2wtqgb695v5djmfg7vx_4m7h0000gn/T//ccsMInWC.s:25     .text.MX_USART1_UART_Init:0000000000000000 MX_USART1_UART_Init
/var/folders/br/2wtqgb695v5djmfg7vx_4m7h0000gn/T//ccsMInWC.s:70     .text.MX_USART1_UART_Init:000000000000002c $d
                            *COM*:0000000000000040 huart1
/var/folders/br/2wtqgb695v5djmfg7vx_4m7h0000gn/T//ccsMInWC.s:76     .text.HAL_UART_MspInit:0000000000000000 $t
/var/folders/br/2wtqgb695v5djmfg7vx_4m7h0000gn/T//ccsMInWC.s:81     .text.HAL_UART_MspInit:0000000000000000 HAL_UART_MspInit
/var/folders/br/2wtqgb695v5djmfg7vx_4m7h0000gn/T//ccsMInWC.s:178    .text.HAL_UART_MspInit:0000000000000080 $d
/var/folders/br/2wtqgb695v5djmfg7vx_4m7h0000gn/T//ccsMInWC.s:184    .text.HAL_UART_MspDeInit:0000000000000000 $t
/var/folders/br/2wtqgb695v5djmfg7vx_4m7h0000gn/T//ccsMInWC.s:189    .text.HAL_UART_MspDeInit:0000000000000000 HAL_UART_MspDeInit
/var/folders/br/2wtqgb695v5djmfg7vx_4m7h0000gn/T//ccsMInWC.s:226    .text.HAL_UART_MspDeInit:0000000000000028 $d
                     .debug_frame:0000000000000010 $d

UNDEFINED SYMBOLS
HAL_UART_Init
Error_Handler
HAL_GPIO_Init
HAL_NVIC_SetPriority
HAL_NVIC_EnableIRQ
HAL_GPIO_DeInit
HAL_NVIC_DisableIRQ
